<?xml version="1.0" encoding="UTF-8"?>
<testsuite name="org.junit.validator.AnnotationValidatorFactoryTest" tests="2" skipped="0" failures="0" errors="0" timestamp="2022-05-15T15:13:03" hostname="HOME-PC" time="0.002">
  <properties/>
  <testcase name="createAnnotationValidator" classname="org.junit.validator.AnnotationValidatorFactoryTest" time="0.001"/>
  <testcase name="exceptionWhenAnnotationValidatorCantBeCreated" classname="org.junit.validator.AnnotationValidatorFactoryTest" time="0.001"/>
  <system-out><![CDATA[]]></system-out>
  <system-err><![CDATA[]]></system-err>
</testsuite>
