<?xml version="1.0" encoding="UTF-8"?>
<testsuite name="org.junit.tests.experimental.theories.runner.FailingDataPointMethods" tests="6" skipped="0" failures="0" errors="0" timestamp="2022-05-15T15:12:58" hostname="HOME-PC" time="0.007">
  <properties/>
  <testcase name="shouldIgnoreSingleDataPointMethodExceptionsOnRequest" classname="org.junit.tests.experimental.theories.runner.FailingDataPointMethods" time="0.001"/>
  <testcase name="shouldNotIgnoreNonMatchingMultipleDataPointExceptions" classname="org.junit.tests.experimental.theories.runner.FailingDataPointMethods" time="0.002"/>
  <testcase name="shouldNotIgnoreNonMatchingSingleDataPointExceptions" classname="org.junit.tests.experimental.theories.runner.FailingDataPointMethods" time="0.001"/>
  <testcase name="shouldFailFromExceptionsInDataPointArrayMethods" classname="org.junit.tests.experimental.theories.runner.FailingDataPointMethods" time="0.001"/>
  <testcase name="shouldFailFromExceptionsInSingleDataPointMethods" classname="org.junit.tests.experimental.theories.runner.FailingDataPointMethods" time="0.0"/>
  <testcase name="shouldIgnoreMultipleDataPointMethodExceptionsOnRequest" classname="org.junit.tests.experimental.theories.runner.FailingDataPointMethods" time="0.001"/>
  <system-out><![CDATA[]]></system-out>
  <system-err><![CDATA[]]></system-err>
</testsuite>
