<?xml version="1.0" encoding="UTF-8"?>
<testsuite name="org.junit.tests.running.classes.UseSuiteAsASuperclassTest" tests="1" skipped="0" failures="0" errors="0" timestamp="2022-05-15T15:13:02" hostname="HOME-PC" time="0.002">
  <properties/>
  <testcase name="ensureTestsAreRun" classname="org.junit.tests.running.classes.UseSuiteAsASuperclassTest" time="0.002"/>
  <system-out><![CDATA[]]></system-out>
  <system-err><![CDATA[]]></system-err>
</testsuite>
