<?xml version="1.0" encoding="UTF-8"?>
<testsuite name="org.junit.tests.experimental.theories.runner.WithAutoGeneratedDataPoints" tests="4" skipped="0" failures="0" errors="0" timestamp="2022-05-15T15:12:58" hostname="HOME-PC" time="0.005">
  <properties/>
  <testcase name="shouldAutomaticallyGenerateBooleanDataPoints" classname="org.junit.tests.experimental.theories.runner.WithAutoGeneratedDataPoints" time="0.002"/>
  <testcase name="shouldNotAutogenerateEnumDataPointsWhenSpecificDataPointGiven" classname="org.junit.tests.experimental.theories.runner.WithAutoGeneratedDataPoints" time="0.001"/>
  <testcase name="shouldNotAutogenerateBooleanDataPointsWhenSpecificDataPointGiven" classname="org.junit.tests.experimental.theories.runner.WithAutoGeneratedDataPoints" time="0.001"/>
  <testcase name="shouldAutomaticallyGenerateEnumDataPoints" classname="org.junit.tests.experimental.theories.runner.WithAutoGeneratedDataPoints" time="0.001"/>
  <system-out><![CDATA[]]></system-out>
  <system-err><![CDATA[]]></system-err>
</testsuite>
