<?xml version="1.0" encoding="UTF-8"?>
<testsuite name="org.junit.tests.validation.ValidationTest" tests="2" skipped="0" failures="0" errors="0" timestamp="2022-05-15T15:13:03" hostname="HOME-PC" time="0.011">
  <properties/>
  <testcase name="initializationErrorIsOnCorrectClass" classname="org.junit.tests.validation.ValidationTest" time="0.01"/>
  <testcase name="nonStaticBeforeClass" classname="org.junit.tests.validation.ValidationTest" time="0.001"/>
  <system-out><![CDATA[]]></system-out>
  <system-err><![CDATA[]]></system-err>
</testsuite>
