<?xml version="1.0" encoding="UTF-8"?>
<testsuite name="org.junit.runner.FilterFactoriesTest" tests="6" skipped="0" failures="0" errors="0" timestamp="2022-05-15T15:13:02" hostname="HOME-PC" time="0.007">
  <properties/>
  <testcase name="shouldThrowExceptionIfNotFilterFactory" classname="org.junit.runner.FilterFactoriesTest" time="0.001"/>
  <testcase name="shouldCreateFilter" classname="org.junit.runner.FilterFactoriesTest" time="0.001"/>
  <testcase name="shouldCreateFilterWithArguments" classname="org.junit.runner.FilterFactoriesTest" time="0.003"/>
  <testcase name="shouldCreateFilterWithNoArguments" classname="org.junit.runner.FilterFactoriesTest" time="0.001"/>
  <testcase name="shouldThrowExceptionIfNotInstantiable" classname="org.junit.runner.FilterFactoriesTest" time="0.0"/>
  <testcase name="shouldPassOnDescriptionToFilterFactory" classname="org.junit.runner.FilterFactoriesTest" time="0.001"/>
  <system-out><![CDATA[]]></system-out>
  <system-err><![CDATA[]]></system-err>
</testsuite>
