<?xml version="1.0" encoding="UTF-8"?>
<testsuite name="junit.tests.extensions.ActiveTestTest" tests="4" skipped="0" failures="0" errors="0" timestamp="2022-05-15T15:13:00" hostname="HOME-PC" time="0.05">
  <properties/>
  <testcase name="testActiveRepeatedTest0" classname="junit.tests.extensions.ActiveTestTest" time="0.001"/>
  <testcase name="testActiveRepeatedTest1" classname="junit.tests.extensions.ActiveTestTest" time="0.006"/>
  <testcase name="testActiveRepeatedTest" classname="junit.tests.extensions.ActiveTestTest" time="0.037"/>
  <testcase name="testActiveTest" classname="junit.tests.extensions.ActiveTestTest" time="0.006"/>
  <system-out><![CDATA[]]></system-out>
  <system-err><![CDATA[]]></system-err>
</testsuite>
