<?xml version="1.0" encoding="UTF-8"?>
<testsuite name="org.junit.internal.ChecksTest" tests="5" skipped="0" failures="0" errors="0" timestamp="2022-05-15T15:12:58" hostname="HOME-PC" time="0.003">
  <properties/>
  <testcase name="notNullShouldThrowOnNullValues" classname="org.junit.internal.ChecksTest" time="0.001"/>
  <testcase name="notNullWithMessageShouldReturnNonNullValues" classname="org.junit.internal.ChecksTest" time="0.002"/>
  <testcase name="notNullShouldReturnNonNullValues" classname="org.junit.internal.ChecksTest" time="0.0"/>
  <testcase name="notNullWithNullMessageShouldThrowOnNullValues" classname="org.junit.internal.ChecksTest" time="0.0"/>
  <testcase name="notNullWithMessageShouldThrowOnNullValues" classname="org.junit.internal.ChecksTest" time="0.0"/>
  <system-out><![CDATA[]]></system-out>
  <system-err><![CDATA[]]></system-err>
</testsuite>
