<?xml version="1.0" encoding="UTF-8"?>
<testsuite name="junit.tests.runner.BaseTestRunnerTest" tests="2" skipped="0" failures="0" errors="0" timestamp="2022-05-15T15:12:59" hostname="HOME-PC" time="0.001">
  <properties/>
  <testcase name="testInvokeSuiteOnNonSubclassOfTestCase" classname="junit.tests.runner.BaseTestRunnerTest" time="0.001"/>
  <testcase name="testInvokeNonStaticSuite" classname="junit.tests.runner.BaseTestRunnerTest" time="0.0"/>
  <system-out><![CDATA[]]></system-out>
  <system-err><![CDATA[]]></system-err>
</testsuite>
