<?xml version="1.0" encoding="UTF-8"?>
<testsuite name="org.junit.tests.experimental.max.JUnit38SortingTest" tests="1" skipped="0" failures="0" errors="0" timestamp="2022-05-15T15:12:57" hostname="HOME-PC" time="0.103">
  <properties/>
  <testcase name="preferRecentlyFailed38Test" classname="org.junit.tests.experimental.max.JUnit38SortingTest" time="0.103"/>
  <system-out><![CDATA[]]></system-out>
  <system-err><![CDATA[]]></system-err>
</testsuite>
