<?xml version="1.0" encoding="UTF-8"?>
<testsuite name="org.junit.experimental.categories.MultiCategoryTest" tests="5" skipped="0" failures="0" errors="0" timestamp="2022-05-15T15:12:57" hostname="HOME-PC" time="0.018">
  <properties/>
  <testcase name="inheritanceAnyIncluded" classname="org.junit.experimental.categories.MultiCategoryTest" time="0.005"/>
  <testcase name="runSuite" classname="org.junit.experimental.categories.MultiCategoryTest" time="0.003"/>
  <testcase name="inheritanceAllAny" classname="org.junit.experimental.categories.MultiCategoryTest" time="0.002"/>
  <testcase name="inheritanceAnyAll" classname="org.junit.experimental.categories.MultiCategoryTest" time="0.003"/>
  <testcase name="inheritanceAllIncluded" classname="org.junit.experimental.categories.MultiCategoryTest" time="0.004"/>
  <system-out><![CDATA[]]></system-out>
  <system-err><![CDATA[]]></system-err>
</testsuite>
