<?xml version="1.0" encoding="UTF-8"?>
<testsuite name="junit.tests.extensions.ExtensionTest" tests="4" skipped="0" failures="0" errors="0" timestamp="2022-05-15T15:13:00" hostname="HOME-PC" time="0.002">
  <properties/>
  <testcase name="testRunningErrorInTestSetup" classname="junit.tests.extensions.ExtensionTest" time="0.001"/>
  <testcase name="testSetupErrorDontTearDown" classname="junit.tests.extensions.ExtensionTest" time="0.0"/>
  <testcase name="testRunningErrorsInTestSetup" classname="junit.tests.extensions.ExtensionTest" time="0.001"/>
  <testcase name="testSetupErrorInTestSetup" classname="junit.tests.extensions.ExtensionTest" time="0.0"/>
  <system-out><![CDATA[]]></system-out>
  <system-err><![CDATA[]]></system-err>
</testsuite>
