<?xml version="1.0" encoding="UTF-8"?>
<testsuite name="org.junit.tests.manipulation.SortableTest$TestClassRunnerIsSortable" tests="5" skipped="0" failures="0" errors="0" timestamp="2022-05-15T15:13:00" hostname="HOME-PC" time="0.003">
  <properties/>
  <testcase name="sortingBackwardWorksOnSuite" classname="org.junit.tests.manipulation.SortableTest$TestClassRunnerIsSortable" time="0.002"/>
  <testcase name="sortingBackwardDoesNothingOnTestClassRunnerWithFixMethodOrder" classname="org.junit.tests.manipulation.SortableTest$TestClassRunnerIsSortable" time="0.0"/>
  <testcase name="sortingBackwardWorksOnTestClassRunner" classname="org.junit.tests.manipulation.SortableTest$TestClassRunnerIsSortable" time="0.001"/>
  <testcase name="sortingForwardWorksOnTestClassRunner" classname="org.junit.tests.manipulation.SortableTest$TestClassRunnerIsSortable" time="0.0"/>
  <testcase name="sortingForwardWorksOnSuite" classname="org.junit.tests.manipulation.SortableTest$TestClassRunnerIsSortable" time="0.0"/>
  <system-out><![CDATA[]]></system-out>
  <system-err><![CDATA[]]></system-err>
</testsuite>
