<?xml version="1.0" encoding="UTF-8"?>
<testsuite name="org.junit.rules.TestWatcherTest$InterplayWithOtherRules" tests="2" skipped="0" failures="0" errors="0" timestamp="2022-05-15T15:13:00" hostname="HOME-PC" time="0.002">
  <properties/>
  <testcase name="testIsSeenAsFailedBecauseOfCollectedError" classname="org.junit.rules.TestWatcherTest$InterplayWithOtherRules" time="0.001"/>
  <testcase name="expectedExceptionIsSeenAsSuccessfulTest" classname="org.junit.rules.TestWatcherTest$InterplayWithOtherRules" time="0.001"/>
  <system-out><![CDATA[]]></system-out>
  <system-err><![CDATA[]]></system-err>
</testsuite>
