<?xml version="1.0" encoding="UTF-8"?>
<testsuite name="org.junit.tests.running.classes.ClassLevelMethodsWithIgnoredTestsTest" tests="5" skipped="0" failures="0" errors="0" timestamp="2022-05-15T15:13:02" hostname="HOME-PC" time="0.007">
  <properties/>
  <testcase name="beforeClassShouldNotRunWhenAllTestsAreFiltered" classname="org.junit.tests.running.classes.ClassLevelMethodsWithIgnoredTestsTest" time="0.002"/>
  <testcase name="classRuleShouldNotBeAppliedWhenAllTestsAreIgnored" classname="org.junit.tests.running.classes.ClassLevelMethodsWithIgnoredTestsTest" time="0.002"/>
  <testcase name="beforeClassShouldNotRunWhenAllTestsAreIgnored" classname="org.junit.tests.running.classes.ClassLevelMethodsWithIgnoredTestsTest" time="0.001"/>
  <testcase name="beforeClassShouldNotRunWhenWholeClassIsIgnored" classname="org.junit.tests.running.classes.ClassLevelMethodsWithIgnoredTestsTest" time="0.001"/>
  <testcase name="afterClassShouldNotRunWhenAllTestsAreIgnored" classname="org.junit.tests.running.classes.ClassLevelMethodsWithIgnoredTestsTest" time="0.001"/>
  <system-out><![CDATA[]]></system-out>
  <system-err><![CDATA[]]></system-err>
</testsuite>
