<?xml version="1.0" encoding="UTF-8"?>
<testsuite name="org.junit.tests.experimental.theories.runner.WithNamedDataPoints" tests="1" skipped="0" failures="0" errors="0" timestamp="2022-05-15T15:12:58" hostname="HOME-PC" time="0.002">
  <properties/>
  <testcase name="onlyUseSpecificDataPointsIfSpecified" classname="org.junit.tests.experimental.theories.runner.WithNamedDataPoints" time="0.002"/>
  <system-out><![CDATA[]]></system-out>
  <system-err><![CDATA[]]></system-err>
</testsuite>
