<?xml version="1.0" encoding="UTF-8"?>
<testsuite name="org.junit.tests.junit3compatibility.ForwardCompatibilityTest" tests="12" skipped="0" failures="0" errors="0" timestamp="2022-05-15T15:12:59" hostname="HOME-PC" time="0.01">
  <properties/>
  <testcase name="testException" classname="org.junit.tests.junit3compatibility.ForwardCompatibilityTest" time="0.001"/>
  <testcase name="testNoException" classname="org.junit.tests.junit3compatibility.ForwardCompatibilityTest" time="0.001"/>
  <testcase name="testNotifyResult" classname="org.junit.tests.junit3compatibility.ForwardCompatibilityTest" time="0.001"/>
  <testcase name="testExpected" classname="org.junit.tests.junit3compatibility.ForwardCompatibilityTest" time="0.001"/>
  <testcase name="testToString" classname="org.junit.tests.junit3compatibility.ForwardCompatibilityTest" time="0.001"/>
  <testcase name="testBeforeAndAfterClass" classname="org.junit.tests.junit3compatibility.ForwardCompatibilityTest" time="0.001"/>
  <testcase name="testToStringSuite" classname="org.junit.tests.junit3compatibility.ForwardCompatibilityTest" time="0.001"/>
  <testcase name="testCompatibility" classname="org.junit.tests.junit3compatibility.ForwardCompatibilityTest" time="0.0"/>
  <testcase name="testInvalidMethod" classname="org.junit.tests.junit3compatibility.ForwardCompatibilityTest" time="0.001"/>
  <testcase name="testExceptionInBefore" classname="org.junit.tests.junit3compatibility.ForwardCompatibilityTest" time="0.001"/>
  <testcase name="testUseGlobalCache" classname="org.junit.tests.junit3compatibility.ForwardCompatibilityTest" time="0.0"/>
  <testcase name="testRunWithClass" classname="org.junit.tests.junit3compatibility.ForwardCompatibilityTest" time="0.0"/>
  <system-out><![CDATA[]]></system-out>
  <system-err><![CDATA[]]></system-err>
</testsuite>
