<?xml version="1.0" encoding="UTF-8"?>
<testsuite name="junit.tests.framework.AssertionFailedErrorTest" tests="3" skipped="0" failures="0" errors="0" timestamp="2022-05-15T15:12:59" hostname="HOME-PC" time="0.0">
  <properties/>
  <testcase name="testCreateErrorWithoutMessageInsteadOfNull" classname="junit.tests.framework.AssertionFailedErrorTest" time="0.0"/>
  <testcase name="testCreateErrorWithMessage" classname="junit.tests.framework.AssertionFailedErrorTest" time="0.0"/>
  <testcase name="testCreateErrorWithoutMessage" classname="junit.tests.framework.AssertionFailedErrorTest" time="0.0"/>
  <system-out><![CDATA[]]></system-out>
  <system-err><![CDATA[]]></system-err>
</testsuite>
