<?xml version="1.0" encoding="UTF-8"?>
<testsuite name="org.junit.rules.RuleChainTest" tests="3" skipped="0" failures="0" errors="0" timestamp="2022-05-15T15:13:00" hostname="HOME-PC" time="0.003">
  <properties/>
  <testcase name="aroundShouldNotAllowNullRules" classname="org.junit.rules.RuleChainTest" time="0.0"/>
  <testcase name="executeRulesInCorrectOrder" classname="org.junit.rules.RuleChainTest" time="0.002"/>
  <testcase name="whenRuleChainHasNullRuleTheStacktraceShouldPointToIt" classname="org.junit.rules.RuleChainTest" time="0.001"/>
  <system-out><![CDATA[]]></system-out>
  <system-err><![CDATA[]]></system-err>
</testsuite>
