<?xml version="1.0" encoding="UTF-8"?>
<testsuite name="org.junit.tests.running.classes.parent.ParentRunnerClassLoaderTest" tests="3" skipped="0" failures="0" errors="0" timestamp="2022-05-15T15:13:02" hostname="HOME-PC" time="0.006">
  <properties/>
  <testcase name="testClassRuleAccessToClassInAnotherClassLoader" classname="org.junit.tests.running.classes.parent.ParentRunnerClassLoaderTest" time="0.005"/>
  <testcase name="testBackwardCompatibilityWithOverrideGetName" classname="org.junit.tests.running.classes.parent.ParentRunnerClassLoaderTest" time="0.0"/>
  <testcase name="testDescriptionContainCorrectTestClass" classname="org.junit.tests.running.classes.parent.ParentRunnerClassLoaderTest" time="0.001"/>
  <system-out><![CDATA[]]></system-out>
  <system-err><![CDATA[]]></system-err>
</testsuite>
