<?xml version="1.0" encoding="UTF-8"?>
<testsuite name="org.junit.internal.runners.ErrorReportingRunnerTest" tests="6" skipped="0" failures="0" errors="0" timestamp="2022-05-15T15:12:58" hostname="HOME-PC" time="0.002">
  <properties/>
  <testcase name="givenInvalidTestClassErrorAsCause" classname="org.junit.internal.runners.ErrorReportingRunnerTest" time="0.001"/>
  <testcase name="cannotCreateWithNullClass" classname="org.junit.internal.runners.ErrorReportingRunnerTest" time="0.0"/>
  <testcase name="cannotCreateWithoutClass" classname="org.junit.internal.runners.ErrorReportingRunnerTest" time="0.0"/>
  <testcase name="cannotCreateWithNullClasses" classname="org.junit.internal.runners.ErrorReportingRunnerTest" time="0.0"/>
  <testcase name="cannotCreateWithNullClass2" classname="org.junit.internal.runners.ErrorReportingRunnerTest" time="0.0"/>
  <testcase name="givenInvalidTestClass_integrationTest" classname="org.junit.internal.runners.ErrorReportingRunnerTest" time="0.001"/>
  <system-out><![CDATA[]]></system-out>
  <system-err><![CDATA[]]></system-err>
</testsuite>
