<?xml version="1.0" encoding="UTF-8"?>
<testsuite name="junit.tests.runner.TextRunnerTest" tests="4" skipped="0" failures="0" errors="0" timestamp="2022-05-15T15:12:59" hostname="HOME-PC" time="0.312">
  <properties/>
  <testcase name="testFailure" classname="junit.tests.runner.TextRunnerTest" time="0.128"/>
  <testcase name="testError" classname="junit.tests.runner.TextRunnerTest" time="0.075"/>
  <testcase name="testRunReturnsResult" classname="junit.tests.runner.TextRunnerTest" time="0.001"/>
  <testcase name="testSuccess" classname="junit.tests.runner.TextRunnerTest" time="0.108"/>
  <system-out><![CDATA[]]></system-out>
  <system-err><![CDATA[]]></system-err>
</testsuite>
