<?xml version="1.0" encoding="UTF-8"?>
<testsuite name="org.junit.rules.TimeoutRuleTest" tests="3" skipped="0" failures="0" errors="0" timestamp="2022-05-15T15:13:00" hostname="HOME-PC" time="2.112">
  <properties/>
  <testcase name="timeUnitTimeout" classname="org.junit.rules.TimeoutRuleTest" time="1.061"/>
  <testcase name="longTimeout" classname="org.junit.rules.TimeoutRuleTest" time="1.05"/>
  <testcase name="nullTimeUnit" classname="org.junit.rules.TimeoutRuleTest" time="0.001"/>
  <system-out><![CDATA[]]></system-out>
  <system-err><![CDATA[]]></system-err>
</testsuite>
