<?xml version="1.0" encoding="UTF-8"?>
<testsuite name="org.junit.tests.description.AnnotatedDescriptionTest" tests="6" skipped="0" failures="0" errors="0" timestamp="2022-05-15T15:12:57" hostname="HOME-PC" time="0.007">
  <properties/>
  <testcase name="childlessCopyOfDescriptionStillHasAnnotations" classname="org.junit.tests.description.AnnotatedDescriptionTest" time="0.002"/>
  <testcase name="annotationsExistOnDescriptionsOfIgnoredClass" classname="org.junit.tests.description.AnnotatedDescriptionTest" time="0.001"/>
  <testcase name="getAnnotationsReturnsAllAnnotations" classname="org.junit.tests.description.AnnotatedDescriptionTest" time="0.0"/>
  <testcase name="characterizeCreatingMyOwnAnnotation" classname="org.junit.tests.description.AnnotatedDescriptionTest" time="0.001"/>
  <testcase name="descriptionOfTestClassHasValuedAnnotation" classname="org.junit.tests.description.AnnotatedDescriptionTest" time="0.001"/>
  <testcase name="annotationsExistOnDescriptionsOfClasses" classname="org.junit.tests.description.AnnotatedDescriptionTest" time="0.002"/>
  <system-out><![CDATA[]]></system-out>
  <system-err><![CDATA[]]></system-err>
</testsuite>
