<?xml version="1.0" encoding="UTF-8"?>
<testsuite name="org.junit.runner.FilterOptionIntegrationTest" tests="4" skipped="0" failures="0" errors="0" timestamp="2022-05-15T15:13:02" hostname="HOME-PC" time="0.006">
  <properties/>
  <testcase name="shouldExcludeSomeTests" classname="org.junit.runner.FilterOptionIntegrationTest" time="0.003"/>
  <testcase name="shouldIncludeSomeTests" classname="org.junit.runner.FilterOptionIntegrationTest" time="0.001"/>
  <testcase name="shouldCombineFilters" classname="org.junit.runner.FilterOptionIntegrationTest" time="0.001"/>
  <testcase name="shouldRunAllTests" classname="org.junit.runner.FilterOptionIntegrationTest" time="0.001"/>
  <system-out><![CDATA[]]></system-out>
  <system-err><![CDATA[]]></system-err>
</testsuite>
