<?xml version="1.0" encoding="UTF-8"?>
<testsuite name="org.junit.tests.experimental.theories.runner.WithExtendedParameterSources" tests="8" skipped="0" failures="0" errors="0" timestamp="2022-05-15T15:12:58" hostname="HOME-PC" time="0.011">
  <properties/>
  <testcase name="dataPointCanBeArray" classname="org.junit.tests.experimental.theories.runner.WithExtendedParameterSources" time="0.001"/>
  <testcase name="shouldFilterOutNullSingleDataPoints" classname="org.junit.tests.experimental.theories.runner.WithExtendedParameterSources" time="0.001"/>
  <testcase name="getDataPointsFromArrayMethod" classname="org.junit.tests.experimental.theories.runner.WithExtendedParameterSources" time="0.001"/>
  <testcase name="getDataPointsFromArrayMethodInSpiteOfMalformedness" classname="org.junit.tests.experimental.theories.runner.WithExtendedParameterSources" time="0.0"/>
  <testcase name="getDataPointsFromArray" classname="org.junit.tests.experimental.theories.runner.WithExtendedParameterSources" time="0.001"/>
  <testcase name="ShouldRejectTheoriesWithOnlyDisallowedNullData" classname="org.junit.tests.experimental.theories.runner.WithExtendedParameterSources" time="0.002"/>
  <testcase name="shouldFilterOutNullElementsFromDataPointArrays" classname="org.junit.tests.experimental.theories.runner.WithExtendedParameterSources" time="0.001"/>
  <testcase name="testedOnLimitsParameters" classname="org.junit.tests.experimental.theories.runner.WithExtendedParameterSources" time="0.004"/>
  <system-out><![CDATA[]]></system-out>
  <system-err><![CDATA[]]></system-err>
</testsuite>
