<?xml version="1.0" encoding="UTF-8"?>
<testsuite name="org.junit.tests.junit3compatibility.AllTestsTest" tests="5" skipped="0" failures="0" errors="0" timestamp="2022-05-15T15:12:59" hostname="HOME-PC" time="0.003">
  <properties/>
  <testcase name="correctTestCountAdapted" classname="org.junit.tests.junit3compatibility.AllTestsTest" time="0.001"/>
  <testcase name="exceptionThrownWhenSuiteIsBad" classname="org.junit.tests.junit3compatibility.AllTestsTest" time="0.001"/>
  <testcase name="someUsefulDescription" classname="org.junit.tests.junit3compatibility.AllTestsTest" time="0.001"/>
  <testcase name="ensureTestIsRun" classname="org.junit.tests.junit3compatibility.AllTestsTest" time="0.0"/>
  <testcase name="correctTestCount" classname="org.junit.tests.junit3compatibility.AllTestsTest" time="0.0"/>
  <system-out><![CDATA[]]></system-out>
  <system-err><![CDATA[]]></system-err>
</testsuite>
