<?xml version="1.0" encoding="UTF-8"?>
<testsuite name="org.junit.tests.listening.TextListenerTest" tests="3" skipped="0" failures="0" errors="0" timestamp="2022-05-15T15:13:00" hostname="HOME-PC" time="0.003">
  <properties/>
  <testcase name="testError" classname="org.junit.tests.listening.TextListenerTest" time="0.002"/>
  <testcase name="testTime" classname="org.junit.tests.listening.TextListenerTest" time="0.0"/>
  <testcase name="testSuccess" classname="org.junit.tests.listening.TextListenerTest" time="0.001"/>
  <system-out><![CDATA[]]></system-out>
  <system-err><![CDATA[]]></system-err>
</testsuite>
