<?xml version="1.0" encoding="UTF-8"?>
<testsuite name="org.junit.internal.ArrayComparisonFailureTest" tests="2" skipped="0" failures="0" errors="0" timestamp="2022-05-15T15:12:59" hostname="HOME-PC" time="0.006">
  <properties/>
  <testcase name="classShouldAccept411Version" classname="org.junit.internal.ArrayComparisonFailureTest" time="0.005"/>
  <testcase name="classShouldAccept412Version" classname="org.junit.internal.ArrayComparisonFailureTest" time="0.001"/>
  <system-out><![CDATA[]]></system-out>
  <system-err><![CDATA[]]></system-err>
</testsuite>
