<?xml version="1.0" encoding="UTF-8"?>
<testsuite name="org.junit.runner.OrderWithValidatorTest" tests="2" skipped="0" failures="0" errors="0" timestamp="2022-05-15T15:13:02" hostname="HOME-PC" time="0.001">
  <properties/>
  <testcase name="errorIsAddedWhenTestAnnotatedWithFixMethodOrder" classname="org.junit.runner.OrderWithValidatorTest" time="0.001"/>
  <testcase name="noErrorIsAddedForTestWithoutValdationErrors" classname="org.junit.runner.OrderWithValidatorTest" time="0.0"/>
  <system-out><![CDATA[]]></system-out>
  <system-err><![CDATA[]]></system-err>
</testsuite>
