<?xml version="1.0" encoding="UTF-8"?>
<testsuite name="org.junit.tests.running.core.CommandLineTest" tests="4" skipped="0" failures="0" errors="0" timestamp="2022-05-15T15:13:02" hostname="HOME-PC" time="0.02">
  <properties/>
  <testcase name="runTwoClassesAsArray" classname="org.junit.tests.running.core.CommandLineTest" time="0.001"/>
  <testcase name="runAClass" classname="org.junit.tests.running.core.CommandLineTest" time="0.002"/>
  <testcase name="runATest" classname="org.junit.tests.running.core.CommandLineTest" time="0.017"/>
  <testcase name="runTwoClasses" classname="org.junit.tests.running.core.CommandLineTest" time="0.0"/>
  <system-out><![CDATA[]]></system-out>
  <system-err><![CDATA[]]></system-err>
</testsuite>
