<?xml version="1.0" encoding="UTF-8"?>
<testsuite name="org.junit.tests.running.core.SystemExitTest" tests="1" skipped="0" failures="0" errors="0" timestamp="2022-05-15T15:13:02" hostname="HOME-PC" time="0.112">
  <properties/>
  <testcase name="failureCausesExitCodeOf1" classname="org.junit.tests.running.core.SystemExitTest" time="0.112"/>
  <system-out><![CDATA[]]></system-out>
  <system-err><![CDATA[]]></system-err>
</testsuite>
