<?xml version="1.0" encoding="UTF-8"?>
<testsuite name="org.junit.tests.experimental.theories.runner.TypeMatchingBetweenMultiDataPointsMethod" tests="2" skipped="0" failures="0" errors="0" timestamp="2022-05-15T15:12:58" hostname="HOME-PC" time="0.003">
  <properties/>
  <testcase name="ignoreWrongTypedDataPointsMethod" classname="org.junit.tests.experimental.theories.runner.TypeMatchingBetweenMultiDataPointsMethod" time="0.001"/>
  <testcase name="pickUpMultiPointDataPointMethods" classname="org.junit.tests.experimental.theories.runner.TypeMatchingBetweenMultiDataPointsMethod" time="0.002"/>
  <system-out><![CDATA[]]></system-out>
  <system-err><![CDATA[]]></system-err>
</testsuite>
