<?xml version="1.0" encoding="UTF-8"?>
<testsuite name="org.junit.tests.running.methods.ParameterizedTestMethodTest" tests="3" skipped="0" failures="0" errors="0" timestamp="2022-05-15T15:13:03" hostname="HOME-PC" time="0.001">
  <properties/>
  <testcase name="testFailures[0]" classname="org.junit.tests.running.methods.ParameterizedTestMethodTest" time="0.001"/>
  <testcase name="testFailures[1]" classname="org.junit.tests.running.methods.ParameterizedTestMethodTest" time="0.0"/>
  <testcase name="testFailures[2]" classname="org.junit.tests.running.methods.ParameterizedTestMethodTest" time="0.0"/>
  <system-out><![CDATA[]]></system-out>
  <system-err><![CDATA[]]></system-err>
</testsuite>
