<?xml version="1.0" encoding="UTF-8"?>
<testsuite name="org.junit.rules.TemporaryFolderRuleAssuredDeletionTest" tests="2" skipped="0" failures="0" errors="0" timestamp="2022-05-15T15:13:00" hostname="HOME-PC" time="0.002">
  <properties/>
  <testcase name="testFailsWhenCreatedFolderCannotBeDeletedButDeletionIsAssured" classname="org.junit.rules.TemporaryFolderRuleAssuredDeletionTest" time="0.002"/>
  <testcase name="byDefaultTestDoesNotFailWhenCreatedFolderCannotBeDeleted" classname="org.junit.rules.TemporaryFolderRuleAssuredDeletionTest" time="0.0"/>
  <system-out><![CDATA[]]></system-out>
  <system-err><![CDATA[]]></system-err>
</testsuite>
