<?xml version="1.0" encoding="UTF-8"?>
<testsuite name="org.junit.tests.deprecated.JUnit4ClassRunnerTest" tests="2" skipped="0" failures="0" errors="0" timestamp="2022-05-15T15:12:57" hostname="HOME-PC" time="0.018">
  <properties/>
  <testcase name="runWithOldJUnit4ClassRunner" classname="org.junit.tests.deprecated.JUnit4ClassRunnerTest" time="0.017"/>
  <testcase name="runWithOldJUnit4ClassRunnerAndBadConstructor" classname="org.junit.tests.deprecated.JUnit4ClassRunnerTest" time="0.001"/>
  <system-out><![CDATA[]]></system-out>
  <system-err><![CDATA[]]></system-err>
</testsuite>
