<?xml version="1.0" encoding="UTF-8"?>
<testsuite name="org.junit.tests.running.classes.EnclosedTest" tests="3" skipped="0" failures="0" errors="0" timestamp="2022-05-15T15:13:02" hostname="HOME-PC" time="0.003">
  <properties/>
  <testcase name="enclosedRunnerRunsConcreteEnclosedClasses" classname="org.junit.tests.running.classes.EnclosedTest" time="0.002"/>
  <testcase name="enclosedRunnerIsNamedForEnclosingClass" classname="org.junit.tests.running.classes.EnclosedTest" time="0.001"/>
  <testcase name="enclosedRunnerPlansConcreteEnclosedClasses" classname="org.junit.tests.running.classes.EnclosedTest" time="0.0"/>
  <system-out><![CDATA[]]></system-out>
  <system-err><![CDATA[]]></system-err>
</testsuite>
