<?xml version="1.0" encoding="UTF-8"?>
<testsuite name="org.junit.tests.experimental.theories.ParameterSignatureTest" tests="5" skipped="0" failures="0" errors="0" timestamp="2022-05-15T15:12:58" hostname="HOME-PC" time="0.0">
  <properties/>
  <testcase name="wrapperTypesShouldBeAcceptedAsPrimitiveTypes" classname="org.junit.tests.experimental.theories.ParameterSignatureTest" time="0.0"/>
  <testcase name="getAnnotations" classname="org.junit.tests.experimental.theories.ParameterSignatureTest" time="0.0"/>
  <testcase name="primitiveTypesShouldBeAcceptedAsWrapperTypeAssignables" classname="org.junit.tests.experimental.theories.ParameterSignatureTest" time="0.0"/>
  <testcase name="primitiveTypesShouldBeAcceptedAsWrapperTypes" classname="org.junit.tests.experimental.theories.ParameterSignatureTest" time="0.0"/>
  <testcase name="getType" classname="org.junit.tests.experimental.theories.ParameterSignatureTest" time="0.0"/>
  <system-out><![CDATA[]]></system-out>
  <system-err><![CDATA[]]></system-err>
</testsuite>
