<?xml version="1.0" encoding="UTF-8"?>
<testsuite name="org.junit.tests.experimental.theories.runner.TheoriesPerformanceTest" tests="1" skipped="1" failures="0" errors="0" timestamp="2022-05-15T15:12:58" hostname="HOME-PC" time="0.001">
  <properties/>
  <testcase name="tryCombinationsQuickly" classname="org.junit.tests.experimental.theories.runner.TheoriesPerformanceTest" time="0.001">
    <skipped/>
  </testcase>
  <system-out><![CDATA[]]></system-out>
  <system-err><![CDATA[]]></system-err>
</testsuite>
