<?xml version="1.0" encoding="UTF-8"?>
<testsuite name="org.junit.tests.manipulation.FilterableTest" tests="1" skipped="0" failures="0" errors="0" timestamp="2022-05-15T15:13:00" hostname="HOME-PC" time="0.001">
  <properties/>
  <testcase name="testFilterInRunnerConstructor" classname="org.junit.tests.manipulation.FilterableTest" time="0.001"/>
  <system-out><![CDATA[]]></system-out>
  <system-err><![CDATA[]]></system-err>
</testsuite>
