<?xml version="1.0" encoding="UTF-8"?>
<testsuite name="org.junit.tests.validation.BadlyFormedClassesTest" tests="3" skipped="0" failures="0" errors="0" timestamp="2022-05-15T15:13:03" hostname="HOME-PC" time="0.003">
  <properties/>
  <testcase name="constructorException" classname="org.junit.tests.validation.BadlyFormedClassesTest" time="0.001"/>
  <testcase name="badBeforeMethodWithLegacyRunner" classname="org.junit.tests.validation.BadlyFormedClassesTest" time="0.001"/>
  <testcase name="noRunnableMethods" classname="org.junit.tests.validation.BadlyFormedClassesTest" time="0.0"/>
  <system-out><![CDATA[]]></system-out>
  <system-err><![CDATA[]]></system-err>
</testsuite>
