<?xml version="1.0" encoding="UTF-8"?>
<testsuite name="org.junit.tests.experimental.theories.runner.WithDataPointMethod" tests="4" skipped="0" failures="0" errors="0" timestamp="2022-05-15T15:12:58" hostname="HOME-PC" time="0.004">
  <properties/>
  <testcase name="mutableObjectsAreCreatedAfresh" classname="org.junit.tests.experimental.theories.runner.WithDataPointMethod" time="0.001"/>
  <testcase name="ignoreDataPointMethodsWithoutAnnotation" classname="org.junit.tests.experimental.theories.runner.WithDataPointMethod" time="0.001"/>
  <testcase name="ignoreDataPointMethodsWithWrongTypes" classname="org.junit.tests.experimental.theories.runner.WithDataPointMethod" time="0.0"/>
  <testcase name="pickUpDataPointMethods" classname="org.junit.tests.experimental.theories.runner.WithDataPointMethod" time="0.002"/>
  <system-out><![CDATA[]]></system-out>
  <system-err><![CDATA[]]></system-err>
</testsuite>
