<?xml version="1.0" encoding="UTF-8"?>
<testsuite name="org.junit.rules.MethodRulesTest" tests="15" skipped="0" failures="0" errors="0" timestamp="2022-05-15T15:13:00" hostname="HOME-PC" time="0.027">
  <properties/>
  <testcase name="runsAllMethodRulesThatAreReturnedByMethods" classname="org.junit.rules.MethodRulesTest" time="0.003"/>
  <testcase name="beforesAndAfters" classname="org.junit.rules.MethodRulesTest" time="0.003"/>
  <testcase name="ruleIsIntroducedAndEvaluatedOnSubclassOfNonPublicClass" classname="org.junit.rules.MethodRulesTest" time="0.002"/>
  <testcase name="ruleIsIntroducedAndEvaluated" classname="org.junit.rules.MethodRulesTest" time="0.001"/>
  <testcase name="useCustomMethodRule" classname="org.junit.rules.MethodRulesTest" time="0.003"/>
  <testcase name="validateWrongTypedField" classname="org.junit.rules.MethodRulesTest" time="0.002"/>
  <testcase name="runsMethodRuleThatIsReturnedByMethod" classname="org.junit.rules.MethodRulesTest" time="0.002"/>
  <testcase name="ruleIsIntroducedAndEvaluatedOnSubclass" classname="org.junit.rules.MethodRulesTest" time="0.001"/>
  <testcase name="onFailure" classname="org.junit.rules.MethodRulesTest" time="0.002"/>
  <testcase name="multipleRulesAreRun" classname="org.junit.rules.MethodRulesTest" time="0.001"/>
  <testcase name="ignoreNonRules" classname="org.junit.rules.MethodRulesTest" time="0.001"/>
  <testcase name="callsMethodReturningRuleOnlyOnce" classname="org.junit.rules.MethodRulesTest" time="0.001"/>
  <testcase name="succeeded" classname="org.junit.rules.MethodRulesTest" time="0.002"/>
  <testcase name="validatePrivateRule" classname="org.junit.rules.MethodRulesTest" time="0.002"/>
  <testcase name="validateWrongTypedFieldInSuperclass" classname="org.junit.rules.MethodRulesTest" time="0.001"/>
  <system-out><![CDATA[]]></system-out>
  <system-err><![CDATA[]]></system-err>
</testsuite>
