<?xml version="1.0" encoding="UTF-8"?>
<testsuite name="org.junit.tests.experimental.theories.AssumingInTheoriesTest" tests="2" skipped="0" failures="0" errors="0" timestamp="2022-05-15T15:12:58" hostname="HOME-PC" time="0.001">
  <properties/>
  <testcase name="theoryMeansOnlyAssumeShouldFail" classname="org.junit.tests.experimental.theories.AssumingInTheoriesTest" time="0.001"/>
  <testcase name="noTheoryAnnotationMeansAssumeShouldIgnore" classname="org.junit.tests.experimental.theories.AssumingInTheoriesTest" time="0.0"/>
  <system-out><![CDATA[]]></system-out>
  <system-err><![CDATA[]]></system-err>
</testsuite>
