<?xml version="1.0" encoding="UTF-8"?>
<testsuite name="org.junit.rules.TestWatcherTest$CallbackArguments" tests="6" skipped="0" failures="0" errors="0" timestamp="2022-05-15T15:13:00" hostname="HOME-PC" time="0.008">
  <properties/>
  <testcase name="deprecatedSkipped" classname="org.junit.rules.TestWatcherTest$CallbackArguments" time="0.001"/>
  <testcase name="failed" classname="org.junit.rules.TestWatcherTest$CallbackArguments" time="0.002"/>
  <testcase name="finished" classname="org.junit.rules.TestWatcherTest$CallbackArguments" time="0.001"/>
  <testcase name="succeeded" classname="org.junit.rules.TestWatcherTest$CallbackArguments" time="0.002"/>
  <testcase name="starting" classname="org.junit.rules.TestWatcherTest$CallbackArguments" time="0.001"/>
  <testcase name="skipped" classname="org.junit.rules.TestWatcherTest$CallbackArguments" time="0.001"/>
  <system-out><![CDATA[]]></system-out>
  <system-err><![CDATA[]]></system-err>
</testsuite>
