<?xml version="1.0" encoding="UTF-8"?>
<testsuite name="junit.tests.runner.ResultTest" tests="8" skipped="0" failures="0" errors="0" timestamp="2022-05-15T15:12:59" hostname="HOME-PC" time="0.072">
  <properties/>
  <testcase name="testRunSuccessResultCanBeSerialised" classname="junit.tests.runner.ResultTest" time="0.007"/>
  <testcase name="testRunFailureResultCanBeSerialised" classname="junit.tests.runner.ResultTest" time="0.026"/>
  <testcase name="testRunFailureResultCanBeReserialised_v4_12" classname="junit.tests.runner.ResultTest" time="0.018"/>
  <testcase name="testRunAssumptionFailedResultCanBeSerialised" classname="junit.tests.runner.ResultTest" time="0.002"/>
  <testcase name="testRunSuccessResultCanBeReserialised_v4_12" classname="junit.tests.runner.ResultTest" time="0.004"/>
  <testcase name="testRunSuccessResultCanBeReserialised_v4_13" classname="junit.tests.runner.ResultTest" time="0.002"/>
  <testcase name="testRunAssumptionFailedResultCanBeReserialised_v4_12" classname="junit.tests.runner.ResultTest" time="0.002"/>
  <testcase name="testRunAssumptionFailedResultCanBeReserialised_v4_13" classname="junit.tests.runner.ResultTest" time="0.009"/>
  <system-out><![CDATA[]]></system-out>
  <system-err><![CDATA[]]></system-err>
</testsuite>
