<?xml version="1.0" encoding="UTF-8"?>
<testsuite name="org.junit.tests.running.classes.BlockJUnit4ClassRunnerTest" tests="2" skipped="0" failures="0" errors="0" timestamp="2022-05-15T15:13:02" hostname="HOME-PC" time="0.002">
  <properties/>
  <testcase name="methodBlockAfterFireTestStarted" classname="org.junit.tests.running.classes.BlockJUnit4ClassRunnerTest" time="0.001"/>
  <testcase name="detectNonStaticEnclosedClass" classname="org.junit.tests.running.classes.BlockJUnit4ClassRunnerTest" time="0.001"/>
  <system-out><![CDATA[]]></system-out>
  <system-err><![CDATA[]]></system-err>
</testsuite>
