<?xml version="1.0" encoding="UTF-8"?>
<testsuite name="org.junit.runner.JUnitCoreTest" tests="1" skipped="0" failures="0" errors="0" timestamp="2022-05-15T15:13:02" hostname="HOME-PC" time="0.0">
  <properties/>
  <testcase name="shouldAddFailuresToResult" classname="org.junit.runner.JUnitCoreTest" time="0.0"/>
  <system-out><![CDATA[]]></system-out>
  <system-err><![CDATA[]]></system-err>
</testsuite>
