<?xml version="1.0" encoding="UTF-8"?>
<testsuite name="org.junit.tests.junit3compatibility.JUnit4TestAdapterTest" tests="3" skipped="0" failures="0" errors="0" timestamp="2022-05-15T15:12:59" hostname="HOME-PC" time="0.031">
  <properties/>
  <testcase name="testJUnit4SuiteThatContainsJUnit3SuiteClass" classname="org.junit.tests.junit3compatibility.JUnit4TestAdapterTest" time="0.028"/>
  <testcase name="testJUnit3Suite" classname="org.junit.tests.junit3compatibility.JUnit4TestAdapterTest" time="0.001"/>
  <testcase name="testJUnit4Suite" classname="org.junit.tests.junit3compatibility.JUnit4TestAdapterTest" time="0.002"/>
  <system-out><![CDATA[]]></system-out>
  <system-err><![CDATA[]]></system-err>
</testsuite>
