<?xml version="1.0" encoding="UTF-8"?>
<testsuite name="org.junit.tests.experimental.theories.runner.WhenNoParametersMatch" tests="1" skipped="0" failures="0" errors="0" timestamp="2022-05-15T15:12:58" hostname="HOME-PC" time="0.005">
  <properties/>
  <testcase name="showFailedAssumptionsWhenNoParametersFound" classname="org.junit.tests.experimental.theories.runner.WhenNoParametersMatch" time="0.005"/>
  <system-out><![CDATA[]]></system-out>
  <system-err><![CDATA[]]></system-err>
</testsuite>
