<?xml version="1.0" encoding="UTF-8"?>
<testsuite name="org.junit.tests.experimental.theories.runner.WithParameterSupplier" tests="4" skipped="0" failures="0" errors="0" timestamp="2022-05-15T15:12:58" hostname="HOME-PC" time="0.008">
  <properties/>
  <testcase name="shouldRejectSuppliersWithTwoConstructors" classname="org.junit.tests.experimental.theories.runner.WithParameterSupplier" time="0.002"/>
  <testcase name="shouldPickUpDataPointsFromParameterSupplier" classname="org.junit.tests.experimental.theories.runner.WithParameterSupplier" time="0.003"/>
  <testcase name="shouldRejectSuppliersWithUnknownConstructors" classname="org.junit.tests.experimental.theories.runner.WithParameterSupplier" time="0.002"/>
  <testcase name="shouldAcceptSuppliersWithTestClassConstructor" classname="org.junit.tests.experimental.theories.runner.WithParameterSupplier" time="0.001"/>
  <system-out><![CDATA[]]></system-out>
  <system-err><![CDATA[]]></system-err>
</testsuite>
