<?xml version="1.0" encoding="UTF-8"?>
<testsuite name="org.junit.tests.listening.TestListenerTest" tests="3" skipped="0" failures="0" errors="0" timestamp="2022-05-15T15:13:00" hostname="HOME-PC" time="0.001">
  <properties/>
  <testcase name="freshResultEachTime" classname="org.junit.tests.listening.TestListenerTest" time="0.0"/>
  <testcase name="reportsFailureOfListener" classname="org.junit.tests.listening.TestListenerTest" time="0.001"/>
  <testcase name="failingListener" classname="org.junit.tests.listening.TestListenerTest" time="0.0"/>
  <system-out><![CDATA[]]></system-out>
  <system-err><![CDATA[]]></system-err>
</testsuite>
