<?xml version="1.0" encoding="UTF-8"?>
<testsuite name="junit.tests.extensions.RepeatedTestTest" tests="4" skipped="0" failures="0" errors="0" timestamp="2022-05-15T15:13:00" hostname="HOME-PC" time="0.0">
  <properties/>
  <testcase name="testRepeatedMoreThanOnce" classname="junit.tests.extensions.RepeatedTestTest" time="0.0"/>
  <testcase name="testRepeatedOnce" classname="junit.tests.extensions.RepeatedTestTest" time="0.0"/>
  <testcase name="testRepeatedZero" classname="junit.tests.extensions.RepeatedTestTest" time="0.0"/>
  <testcase name="testRepeatedNegative" classname="junit.tests.extensions.RepeatedTestTest" time="0.0"/>
  <system-out><![CDATA[]]></system-out>
  <system-err><![CDATA[]]></system-err>
</testsuite>
