<?xml version="1.0" encoding="UTF-8"?>
<testsuite name="org.junit.internal.builders.AnnotatedBuilderTest" tests="6" skipped="0" failures="0" errors="0" timestamp="2022-05-15T15:12:58" hostname="HOME-PC" time="0.006">
  <properties/>
  <testcase name="memberClassDeepInsideAnnotatedMemberClass_isRunWithParentMemberClassRunner" classname="org.junit.internal.builders.AnnotatedBuilderTest" time="0.003"/>
  <testcase name="memberClassInsideAnnotatedTopLevelClass_isRunWithTopLevelRunner" classname="org.junit.internal.builders.AnnotatedBuilderTest" time="0.001"/>
  <testcase name="annotatedMemberClassInsideAnnotatedTopLevelClass_isRunWithOwnRunner" classname="org.junit.internal.builders.AnnotatedBuilderTest" time="0.0"/>
  <testcase name="memberClassDeepInsideAnnotatedTopLevelClass_isRunWithTopLevelRunner" classname="org.junit.internal.builders.AnnotatedBuilderTest" time="0.001"/>
  <testcase name="topLevelTestClassWithAnnotation_isRunWithAnnotatedRunner" classname="org.junit.internal.builders.AnnotatedBuilderTest" time="0.0"/>
  <testcase name="topLevelTestClassWithoutAnnotation_isRunWithDefaultRunner" classname="org.junit.internal.builders.AnnotatedBuilderTest" time="0.0"/>
  <system-out><![CDATA[]]></system-out>
  <system-err><![CDATA[]]></system-err>
</testsuite>
