<?xml version="1.0" encoding="UTF-8"?>
<testsuite name="org.junit.tests.experimental.parallel.ParallelMethodTest" tests="1" skipped="0" failures="0" errors="0" timestamp="2022-05-15T15:12:58" hostname="HOME-PC" time="0.003">
  <properties/>
  <testcase name="testsRunInParallel" classname="org.junit.tests.experimental.parallel.ParallelMethodTest" time="0.003"/>
  <system-out><![CDATA[]]></system-out>
  <system-err><![CDATA[]]></system-err>
</testsuite>
