<?xml version="1.0" encoding="UTF-8"?>
<testsuite name="org.junit.rules.StopwatchTest" tests="5" skipped="0" failures="0" errors="0" timestamp="2022-05-15T15:13:00" hostname="HOME-PC" time="0.006">
  <properties/>
  <testcase name="runtimeDuringTestShouldReturnTimeSinceStart" classname="org.junit.rules.StopwatchTest" time="0.003"/>
  <testcase name="failed" classname="org.junit.rules.StopwatchTest" time="0.001"/>
  <testcase name="succeeded" classname="org.junit.rules.StopwatchTest" time="0.0"/>
  <testcase name="runtimeAfterTestShouldReturnRunDuration" classname="org.junit.rules.StopwatchTest" time="0.0"/>
  <testcase name="skipped" classname="org.junit.rules.StopwatchTest" time="0.001"/>
  <system-out><![CDATA[]]></system-out>
  <system-err><![CDATA[]]></system-err>
</testsuite>
