<?xml version="1.0" encoding="UTF-8"?>
<testsuite name="org.junit.tests.listening.RunnerTest" tests="3" skipped="0" failures="0" errors="0" timestamp="2022-05-15T15:13:00" hostname="HOME-PC" time="0.002">
  <properties/>
  <testcase name="oldTestCount" classname="org.junit.tests.listening.RunnerTest" time="0.001"/>
  <testcase name="newTestCount" classname="org.junit.tests.listening.RunnerTest" time="0.0"/>
  <testcase name="testFinished" classname="org.junit.tests.listening.RunnerTest" time="0.001"/>
  <system-out><![CDATA[]]></system-out>
  <system-err><![CDATA[]]></system-err>
</testsuite>
