<?xml version="1.0" encoding="UTF-8"?>
<testsuite name="org.junit.tests.validation.FailedConstructionTest" tests="1" skipped="0" failures="0" errors="0" timestamp="2022-05-15T15:13:03" hostname="HOME-PC" time="0.0">
  <properties/>
  <testcase name="failedConstructionIsTestFailure" classname="org.junit.tests.validation.FailedConstructionTest" time="0.0"/>
  <system-out><![CDATA[]]></system-out>
  <system-err><![CDATA[]]></system-err>
</testsuite>
