<?xml version="1.0" encoding="UTF-8"?>
<testsuite name="org.junit.runners.model.FrameworkMethodTest" tests="4" skipped="0" failures="0" errors="0" timestamp="2022-05-15T15:13:02" hostname="HOME-PC" time="0.001">
  <properties/>
  <testcase name="cannotBeCreatedWithoutUnderlyingField" classname="org.junit.runners.model.FrameworkMethodTest" time="0.0"/>
  <testcase name="hasToStringWhichPrintsMethodName" classname="org.junit.runners.model.FrameworkMethodTest" time="0.001"/>
  <testcase name="presentAnnotationIsAvailable" classname="org.junit.runners.model.FrameworkMethodTest" time="0.0"/>
  <testcase name="missingAnnotationIsNotAvailable" classname="org.junit.runners.model.FrameworkMethodTest" time="0.0"/>
  <system-out><![CDATA[]]></system-out>
  <system-err><![CDATA[]]></system-err>
</testsuite>
