<?xml version="1.0" encoding="UTF-8"?>
<testsuite name="org.junit.validator.AnnotationsValidatorTest" tests="3" skipped="0" failures="0" errors="0" timestamp="2022-05-15T15:13:03" hostname="HOME-PC" time="0.004">
  <properties/>
  <testcase name="validatorIsCalledForAMethod" classname="org.junit.validator.AnnotationsValidatorTest" time="0.003"/>
  <testcase name="validatorIsCalledForAClass" classname="org.junit.validator.AnnotationsValidatorTest" time="0.0"/>
  <testcase name="validatorIsCalledForAField" classname="org.junit.validator.AnnotationsValidatorTest" time="0.0"/>
  <system-out><![CDATA[]]></system-out>
  <system-err><![CDATA[]]></system-err>
</testsuite>
