<?xml version="1.0" encoding="UTF-8"?>
<testsuite name="junit.tests.framework.SuiteTest" tests="11" skipped="0" failures="0" errors="0" timestamp="2022-05-15T15:12:59" hostname="HOME-PC" time="0.009">
  <properties/>
  <testcase name="testNoTestCases" classname="junit.tests.framework.SuiteTest" time="0.001"/>
  <testcase name="testOneTestCase" classname="junit.tests.framework.SuiteTest" time="0.002"/>
  <testcase name="testNotPublicTestCase" classname="junit.tests.framework.SuiteTest" time="0.0"/>
  <testcase name="testNotVoidTestCase" classname="junit.tests.framework.SuiteTest" time="0.0"/>
  <testcase name="testNotExistingTestCase" classname="junit.tests.framework.SuiteTest" time="0.0"/>
  <testcase name="testInheritedTests" classname="junit.tests.framework.SuiteTest" time="0.001"/>
  <testcase name="testOneTestCaseEclipseSeesSameStructureAs381" classname="junit.tests.framework.SuiteTest" time="0.001"/>
  <testcase name="testNoTestCaseClass" classname="junit.tests.framework.SuiteTest" time="0.0"/>
  <testcase name="testShadowedTests" classname="junit.tests.framework.SuiteTest" time="0.001"/>
  <testcase name="testAddTestSuite" classname="junit.tests.framework.SuiteTest" time="0.0"/>
  <testcase name="testCreateSuiteFromArray" classname="junit.tests.framework.SuiteTest" time="0.001"/>
  <system-out><![CDATA[]]></system-out>
  <system-err><![CDATA[]]></system-err>
</testsuite>
