<?xml version="1.0" encoding="UTF-8"?>
<testsuite name="org.junit.tests.running.methods.ExpectedTest" tests="5" skipped="0" failures="0" errors="0" timestamp="2022-05-15T15:13:03" hostname="HOME-PC" time="0.004">
  <properties/>
  <testcase name="expectsAssumptionViolatedException" classname="org.junit.tests.running.methods.ExpectedTest" time="0.0"/>
  <testcase name="expected" classname="org.junit.tests.running.methods.ExpectedTest" time="0.001"/>
  <testcase name="expectsSuperclass" classname="org.junit.tests.running.methods.ExpectedTest" time="0.001"/>
  <testcase name="unexpected" classname="org.junit.tests.running.methods.ExpectedTest" time="0.001"/>
  <testcase name="noneThrown" classname="org.junit.tests.running.methods.ExpectedTest" time="0.001"/>
  <system-out><![CDATA[]]></system-out>
  <system-err><![CDATA[]]></system-err>
</testsuite>
