<?xml version="1.0" encoding="UTF-8"?>
<testsuite name="org.junit.experimental.categories.CategoryFilterFactoryTest" tests="2" skipped="0" failures="0" errors="0" timestamp="2022-05-15T15:12:57" hostname="HOME-PC" time="0.009">
  <properties/>
  <testcase name="shouldCreateFilter" classname="org.junit.experimental.categories.CategoryFilterFactoryTest" time="0.007"/>
  <testcase name="shouldThrowException" classname="org.junit.experimental.categories.CategoryFilterFactoryTest" time="0.002"/>
  <system-out><![CDATA[]]></system-out>
  <system-err><![CDATA[]]></system-err>
</testsuite>
