<?xml version="1.0" encoding="UTF-8"?>
<testsuite name="org.junit.runner.notification.ConcurrentRunNotifierTest" tests="3" skipped="0" failures="0" errors="0" timestamp="2022-05-15T15:13:02" hostname="HOME-PC" time="0.03">
  <properties/>
  <testcase name="reportConcurrentFailuresAfterAddFirstListener" classname="org.junit.runner.notification.ConcurrentRunNotifierTest" time="0.019"/>
  <testcase name="realUsage" classname="org.junit.runner.notification.ConcurrentRunNotifierTest" time="0.002"/>
  <testcase name="reportConcurrentFailuresAfterAddListener" classname="org.junit.runner.notification.ConcurrentRunNotifierTest" time="0.009"/>
  <system-out><![CDATA[]]></system-out>
  <system-err><![CDATA[]]></system-err>
</testsuite>
