<?xml version="1.0" encoding="UTF-8"?>
<testsuite name="org.junit.tests.junit3compatibility.ClassRequestTest" tests="1" skipped="0" failures="0" errors="0" timestamp="2022-05-15T15:12:59" hostname="HOME-PC" time="0.003">
  <properties/>
  <testcase name="noSuiteMethodIfMethodPrivate" classname="org.junit.tests.junit3compatibility.ClassRequestTest" time="0.003"/>
  <system-out><![CDATA[]]></system-out>
  <system-err><![CDATA[]]></system-err>
</testsuite>
