<?xml version="1.0" encoding="UTF-8"?>
<testsuite name="org.junit.tests.junit3compatibility.ForwardCompatibilityPrintingTest" tests="2" skipped="0" failures="0" errors="0" timestamp="2022-05-15T15:12:59" hostname="HOME-PC" time="0.003">
  <properties/>
  <testcase name="testError" classname="org.junit.tests.junit3compatibility.ForwardCompatibilityPrintingTest" time="0.002"/>
  <testcase name="testErrorAdapted" classname="org.junit.tests.junit3compatibility.ForwardCompatibilityPrintingTest" time="0.001"/>
  <system-out><![CDATA[]]></system-out>
  <system-err><![CDATA[]]></system-err>
</testsuite>
