<?xml version="1.0" encoding="UTF-8"?>
<testsuite name="org.junit.tests.manipulation.OrderWithTest$TestClassRunnerIsOrderableViaOrderWith" tests="4" skipped="0" failures="0" errors="0" timestamp="2022-05-15T15:13:00" hostname="HOME-PC" time="0.005">
  <properties/>
  <testcase name="orderingBackwardWorksOnTestClassRunner" classname="org.junit.tests.manipulation.OrderWithTest$TestClassRunnerIsOrderableViaOrderWith" time="0.001"/>
  <testcase name="orderingForwardWorksOnTestClassRunner" classname="org.junit.tests.manipulation.OrderWithTest$TestClassRunnerIsOrderableViaOrderWith" time="0.001"/>
  <testcase name="orderingBackwardWorksOnSuite" classname="org.junit.tests.manipulation.OrderWithTest$TestClassRunnerIsOrderableViaOrderWith" time="0.002"/>
  <testcase name="orderingForwardWorksOnSuite" classname="org.junit.tests.manipulation.OrderWithTest$TestClassRunnerIsOrderableViaOrderWith" time="0.001"/>
  <system-out><![CDATA[]]></system-out>
  <system-err><![CDATA[]]></system-err>
</testsuite>
