<?xml version="1.0" encoding="UTF-8"?>
<testsuite name="org.junit.tests.running.core.JUnitCoreReturnsCorrectExitCodeTest" tests="3" skipped="0" failures="0" errors="0" timestamp="2022-05-15T15:13:02" hostname="HOME-PC" time="0.004">
  <properties/>
  <testcase name="failureCausesExitCodeOf1" classname="org.junit.tests.running.core.JUnitCoreReturnsCorrectExitCodeTest" time="0.002"/>
  <testcase name="successCausesExitCodeOf0" classname="org.junit.tests.running.core.JUnitCoreReturnsCorrectExitCodeTest" time="0.001"/>
  <testcase name="missingClassCausesExitCodeOf1" classname="org.junit.tests.running.core.JUnitCoreReturnsCorrectExitCodeTest" time="0.001"/>
  <system-out><![CDATA[]]></system-out>
  <system-err><![CDATA[]]></system-err>
</testsuite>
