<?xml version="1.0" encoding="UTF-8"?>
<testsuite name="junit.tests.framework.FloatAssertTest" tests="8" skipped="0" failures="0" errors="0" timestamp="2022-05-15T15:12:59" hostname="HOME-PC" time="0.0">
  <properties/>
  <testcase name="testAssertNegInfinityEqualsInfinity" classname="junit.tests.framework.FloatAssertTest" time="0.0"/>
  <testcase name="testAssertNaNEqualsNaN" classname="junit.tests.framework.FloatAssertTest" time="0.0"/>
  <testcase name="testAssertNaNEqualsFails" classname="junit.tests.framework.FloatAssertTest" time="0.0"/>
  <testcase name="testAssertPosInfinityEqualsInfinity" classname="junit.tests.framework.FloatAssertTest" time="0.0"/>
  <testcase name="testAssertEqualsNaNFails" classname="junit.tests.framework.FloatAssertTest" time="0.0"/>
  <testcase name="testAllInfinities" classname="junit.tests.framework.FloatAssertTest" time="0.0"/>
  <testcase name="testAssertPosInfinityNotEquals" classname="junit.tests.framework.FloatAssertTest" time="0.0"/>
  <testcase name="testAssertPosInfinityNotEqualsNegInfinity" classname="junit.tests.framework.FloatAssertTest" time="0.0"/>
  <system-out><![CDATA[]]></system-out>
  <system-err><![CDATA[]]></system-err>
</testsuite>
