<?xml version="1.0" encoding="UTF-8"?>
<testsuite name="org.junit.validator.PublicClassValidatorTest" tests="2" skipped="0" failures="0" errors="0" timestamp="2022-05-15T15:13:03" hostname="HOME-PC" time="0.0">
  <properties/>
  <testcase name="acceptsPublicClass" classname="org.junit.validator.PublicClassValidatorTest" time="0.0"/>
  <testcase name="rejectsNonPublicClass" classname="org.junit.validator.PublicClassValidatorTest" time="0.0"/>
  <system-out><![CDATA[]]></system-out>
  <system-err><![CDATA[]]></system-err>
</testsuite>
