<?xml version="1.0" encoding="UTF-8"?>
<testsuite name="org.junit.rules.TestWatchmanTest" tests="4" skipped="0" failures="0" errors="0" timestamp="2022-05-15T15:13:00" hostname="HOME-PC" time="0.003">
  <properties/>
  <testcase name="neitherLogSuccessNorFailedForViolatedAssumption" classname="org.junit.rules.TestWatchmanTest" time="0.002"/>
  <testcase name="logFailingTest" classname="org.junit.rules.TestWatchmanTest" time="0.001"/>
  <testcase name="neitherLogSuccessNorFailedForViolatedAssumption" classname="org.junit.rules.TestWatchmanTest" time="0.0"/>
  <testcase name="logFailingTest" classname="org.junit.rules.TestWatchmanTest" time="0.0"/>
  <system-out><![CDATA[]]></system-out>
  <system-err><![CDATA[]]></system-err>
</testsuite>
