<?xml version="1.0" encoding="UTF-8"?>
<testsuite name="org.junit.experimental.categories.JavadocTest" tests="2" skipped="0" failures="0" errors="0" timestamp="2022-05-15T15:12:57" hostname="HOME-PC" time="0.01">
  <properties/>
  <testcase name="slowTests" classname="org.junit.experimental.categories.JavadocTest" time="0.008"/>
  <testcase name="fastSmokeTests" classname="org.junit.experimental.categories.JavadocTest" time="0.002"/>
  <system-out><![CDATA[]]></system-out>
  <system-err><![CDATA[]]></system-err>
</testsuite>
