<?xml version="1.0" encoding="UTF-8"?>
<testsuite name="org.junit.tests.experimental.results.PrintableResultTest" tests="2" skipped="0" failures="0" errors="0" timestamp="2022-05-15T15:12:58" hostname="HOME-PC" time="0.016">
  <properties/>
  <testcase name="includeMultipleFailures" classname="org.junit.tests.experimental.results.PrintableResultTest" time="0.013"/>
  <testcase name="backTraceHasGoodToString" classname="org.junit.tests.experimental.results.PrintableResultTest" time="0.003"/>
  <system-out><![CDATA[]]></system-out>
  <system-err><![CDATA[]]></system-err>
</testsuite>
