<?xml version="1.0" encoding="UTF-8"?>
<testsuite name="org.junit.runners.parameterized.BlockJUnit4ClassRunnerWithParametersTest" tests="2" skipped="0" failures="0" errors="0" timestamp="2022-05-15T15:13:02" hostname="HOME-PC" time="0.003">
  <properties/>
  <testcase name="providesHelpfulMessageIfParameterFieldCannotBeSet" classname="org.junit.runners.parameterized.BlockJUnit4ClassRunnerWithParametersTest" time="0.001"/>
  <testcase name="hasAllAnnotationsExceptRunWith" classname="org.junit.runners.parameterized.BlockJUnit4ClassRunnerWithParametersTest" time="0.002"/>
  <system-out><![CDATA[]]></system-out>
  <system-err><![CDATA[]]></system-err>
</testsuite>
