<?xml version="1.0" encoding="UTF-8"?>
<testsuite name="org.junit.runners.model.TestClassTest" tests="20" skipped="0" failures="0" errors="0" timestamp="2022-05-15T15:13:02" hostname="HOME-PC" time="0.011">
  <properties/>
  <testcase name="providesAnnotatedFieldsSortedByName" classname="org.junit.runners.model.TestClassTest" time="0.001"/>
  <testcase name="isNotEqualToNull" classname="org.junit.runners.model.TestClassTest" time="0.001"/>
  <testcase name="identifiesPublicModifier" classname="org.junit.runners.model.TestClassTest" time="0.0"/>
  <testcase name="identifiesNonPublicModifier" classname="org.junit.runners.model.TestClassTest" time="0.001"/>
  <testcase name="providesAnnotatedMethodsSortedByName" classname="org.junit.runners.model.TestClassTest" time="0.001"/>
  <testcase name="annotatedFieldValues" classname="org.junit.runners.model.TestClassTest" time="0.0"/>
  <testcase name="isEqualToTestClassThatWrapsSameJavaClass" classname="org.junit.runners.model.TestClassTest" time="0.001"/>
  <testcase name="hasSameHashCodeAsTestClassThatWrapsSameJavaClass" classname="org.junit.runners.model.TestClassTest" time="0.0"/>
  <testcase name="fieldsOnSubclassesShadowSuperclasses" classname="org.junit.runners.model.TestClassTest" time="0.001"/>
  <testcase name="isEqualToTestClassThatWrapsNoJavaClassToo" classname="org.junit.runners.model.TestClassTest" time="0.0"/>
  <testcase name="presentAnnotationIsAvailable" classname="org.junit.runners.model.TestClassTest" time="0.0"/>
  <testcase name="annotatedMethodValues" classname="org.junit.runners.model.TestClassTest" time="0.001"/>
  <testcase name="complainIfMultipleConstructors" classname="org.junit.runners.model.TestClassTest" time="0.0"/>
  <testcase name="dontMarkNonInnerClassAsInnerClass" classname="org.junit.runners.model.TestClassTest" time="0.0"/>
  <testcase name="isNotEqualToTestClassThatWrapsADifferentJavaClass" classname="org.junit.runners.model.TestClassTest" time="0.001"/>
  <testcase name="getAnnotatedMethodsDoesNotReturnMethodWithoutAnnotation" classname="org.junit.runners.model.TestClassTest" time="0.0"/>
  <testcase name="dontMarkStaticInnerClassAsNonStatic" classname="org.junit.runners.model.TestClassTest" time="0.001"/>
  <testcase name="hasHashCodeWithoutJavaClass" classname="org.junit.runners.model.TestClassTest" time="0.0"/>
  <testcase name="identifyNonStaticInnerClass" classname="org.junit.runners.model.TestClassTest" time="0.001"/>
  <testcase name="missingAnnotationIsNotAvailable" classname="org.junit.runners.model.TestClassTest" time="0.0"/>
  <system-out><![CDATA[]]></system-out>
  <system-err><![CDATA[]]></system-err>
</testsuite>
