<?xml version="1.0" encoding="UTF-8"?>
<testsuite name="org.junit.rules.BlockJUnit4ClassRunnerOverrideTest" tests="4" skipped="0" failures="0" errors="0" timestamp="2022-05-15T15:13:00" hostname="HOME-PC" time="0.007">
  <properties/>
  <testcase name="overrideCreateTestMethod" classname="org.junit.rules.BlockJUnit4ClassRunnerOverrideTest" time="0.002"/>
  <testcase name="createTestDefersToNoArgCreateTest" classname="org.junit.rules.BlockJUnit4ClassRunnerOverrideTest" time="0.001"/>
  <testcase name="overrideRulesMethod" classname="org.junit.rules.BlockJUnit4ClassRunnerOverrideTest" time="0.003"/>
  <testcase name="overrideTestRulesMethod" classname="org.junit.rules.BlockJUnit4ClassRunnerOverrideTest" time="0.001"/>
  <system-out><![CDATA[]]></system-out>
  <system-err><![CDATA[]]></system-err>
</testsuite>
